Using pre-set license
Built from '2020.3/staging' branch; Version is '2020.3.5f1 (8095aa901b9b) revision 8426922'; Using compiler version '192528614'; Build Type 'Release'
OS: 'Windows 10 Pro; OS build 19044.2251; Version 2009; 64bit' Language: 'tr' Physical Memory: 16251 MB
BatchMode: 1, IsHumanControllingUs: 0, StartBugReporterOnCrash: 0, Is64bit: 1, IsPro: 0

 COMMAND LINE ARGUMENTS:
C:\Program Files\Unity\Hub\Editor\2020.3.5f1\Editor\Unity.exe
-adb2
-batchMode
-noUpm
-name
AssetImportWorker0
-projectPath
C:/Users/EXCALIBUR/Roll the ball
-logFile
Logs/AssetImportWorker0.log
-srvPort
50257
Successfully changed project path to: C:/Users/EXCALIBUR/Roll the ball
C:/Users/EXCALIBUR/Roll the ball
Using Asset Import Pipeline V2.
Refreshing native plugins compatible for Editor in 18.86 ms, found 0 plugins.
Preloading 0 native plugins for Editor in 0.00 ms.
Initialize engine version: 2020.3.5f1 (8095aa901b9b)
[Subsystems] Discovering subsystems at path C:/Program Files/Unity/Hub/Editor/2020.3.5f1/Editor/Data/Resources/UnitySubsystems
[Subsystems] Discovering subsystems at path C:/Users/EXCALIBUR/Roll the ball/Assets
GfxDevice: creating device client; threaded=0
Direct3D:
    Version:  Direct3D 11.0 [level 11.1]
    Renderer: NVIDIA GeForce RTX 2060 (ID=0x1f15)
    Vendor:   
    VRAM:     5980 MB
    Driver:   31.0.15.1640
Initialize mono
Mono path[0] = 'C:/Program Files/Unity/Hub/Editor/2020.3.5f1/Editor/Data/Managed'
Mono path[1] = 'C:/Program Files/Unity/Hub/Editor/2020.3.5f1/Editor/Data/MonoBleedingEdge/lib/mono/unityjit'
Mono config path = 'C:/Program Files/Unity/Hub/Editor/2020.3.5f1/Editor/Data/MonoBleedingEdge/etc'
Using monoOptions --debugger-agent=transport=dt_socket,embedding=1,server=y,suspend=n,address=127.0.0.1:56280
Begin MonoManager ReloadAssembly
Registering precompiled unity dll's ...
Register platform support module: C:/Program Files/Unity/Hub/Editor/2020.3.5f1/Editor/Data/PlaybackEngines/WindowsStandaloneSupport/UnityEditor.WindowsStandalone.Extensions.dll
Registered in 0.003805 seconds.
Native extension for WindowsStandalone target not found
Refreshing native plugins compatible for Editor in 21.55 ms, found 0 plugins.
Preloading 0 native plugins for Editor in 0.00 ms.
Mono: successfully reloaded assembly
- Completed reload, in  0.868 seconds
Platform modules already initialized, skipping
Registering precompiled user dll's ...
Registered in 0.000644 seconds.
Begin MonoManager ReloadAssembly
Native extension for WindowsStandalone target not found
Refreshing native plugins compatible for Editor in 0.19 ms, found 0 plugins.
Preloading 0 native plugins for Editor in 0.00 ms.
Mono: successfully reloaded assembly
- Completed reload, in  0.741 seconds
Platform modules already initialized, skipping
========================================================================
Worker process is ready to serve import requests
Launched and connected shader compiler UnityShaderCompiler.exe after 0.04 seconds
Refreshing native plugins compatible for Editor in 0.32 ms, found 0 plugins.
Preloading 0 native plugins for Editor in 0.00 ms.
Unloading 1115 Unused Serialized files (Serialized files now loaded: 0)
System memory in use before: 57.1 MB.
System memory in use after: 57.2 MB.

Unloading 10 unused Assets to reduce memory usage. Loaded Objects now: 1557.
Total: 1.804400 ms (FindLiveObjects: 0.133500 ms CreateObjectMapping: 0.041400 ms MarkObjects: 1.558500 ms  DeleteObjects: 0.070100 ms)

========================================================================
Received Import Request.
  path: Assets/Scenes/SampleScene.unity
  artifactKey: Guid(9fc0d4010bbf28b4594072e72b8655ab) Importer(815301076,1909f56bfc062723c751e8b465ee728b)
Start importing Assets/Scenes/SampleScene.unity using Guid(9fc0d4010bbf28b4594072e72b8655ab) Importer(815301076,1909f56bfc062723c751e8b465ee728b)  -> (artifact id: '02a2e40e81d35f9ada7821be9923d9eb') in 0.013312 seconds
  Import took 0.015046 seconds .

========================================================================
Received Import Request.
  Time since last request: 302.050501 seconds.
  path: Assets/Scenes/Mat
  artifactKey: Guid(ea59c5decacaaad419f257fc9e2e12b0) Importer(815301076,1909f56bfc062723c751e8b465ee728b)
Start importing Assets/Scenes/Mat using Guid(ea59c5decacaaad419f257fc9e2e12b0) Importer(815301076,1909f56bfc062723c751e8b465ee728b)  -> (artifact id: '0a340364fd9553d8d351ae11e242bcc1') in 0.009393 seconds
  Import took 0.011534 seconds .

========================================================================
Received Import Request.
  Time since last request: 10.085684 seconds.
  path: Assets/New Folder
  artifactKey: Guid(55985beed7106934190a8bb81502c08d) Importer(815301076,1909f56bfc062723c751e8b465ee728b)
Start importing Assets/New Folder using Guid(55985beed7106934190a8bb81502c08d) Importer(815301076,1909f56bfc062723c751e8b465ee728b)  -> (artifact id: 'b70517e6e01e3b747bb45edab037423a') in 0.008890 seconds
  Import took 0.010723 seconds .

========================================================================
Received Import Request.
  Time since last request: 94.630305 seconds.
  path: Assets/New Folder/Ma
  artifactKey: Guid(5e5c9449e5a4c924fa56998d06db46aa) Importer(815301076,1909f56bfc062723c751e8b465ee728b)
Start importing Assets/New Folder/Ma using Guid(5e5c9449e5a4c924fa56998d06db46aa) Importer(815301076,1909f56bfc062723c751e8b465ee728b)  -> (artifact id: '023c7b9e15ec7cb33ebd1e12fae4c401') in 0.008469 seconds
  Import took 0.012731 seconds .

========================================================================
Received Import Request.
  Time since last request: 2.340443 seconds.
  path: Assets/New Folder/Ma/New Material.mat
  artifactKey: Guid(2140727e74d20734cac34fa7e816a29f) Importer(815301076,1909f56bfc062723c751e8b465ee728b)
Start importing Assets/New Folder/Ma/New Material.mat using Guid(2140727e74d20734cac34fa7e816a29f) Importer(815301076,1909f56bfc062723c751e8b465ee728b)  -> (artifact id: '0436660f3ac4dc9418ce7f607595b433') in 0.245977 seconds
  Import took 0.247661 seconds .

========================================================================
Received Import Request.
  Time since last request: 50.952579 seconds.
  path: Assets/New Folder/Materials/Background.mat
  artifactKey: Guid(7f32e92b6c8609e46896d00308ee96ad) Importer(815301076,1909f56bfc062723c751e8b465ee728b)
Start importing Assets/New Folder/Materials/Background.mat using Guid(7f32e92b6c8609e46896d00308ee96ad) Importer(815301076,1909f56bfc062723c751e8b465ee728b)  -> (artifact id: 'd6db5d418a4f7d55203e623a4d1fa6d5') in 0.012512 seconds
  Import took 0.015401 seconds .

========================================================================
Received Import Request.
  Time since last request: 296.729180 seconds.
  path: Assets/scripts
  artifactKey: Guid(b1b3a1664a5127b488e6e142aa2fc080) Importer(815301076,1909f56bfc062723c751e8b465ee728b)
Start importing Assets/scripts using Guid(b1b3a1664a5127b488e6e142aa2fc080) Importer(815301076,1909f56bfc062723c751e8b465ee728b)  -> (artifact id: '05e682629d9d00c825a02bae019848a4') in 0.008335 seconds
  Import took 0.011151 seconds .

========================================================================
Received Import Request.
  Time since last request: 73.834586 seconds.
  path: Assets/scripts/PlayerController.cs
  artifactKey: Guid(65a9a2a8f513aa54fb275b560fae354f) Importer(815301076,1909f56bfc062723c751e8b465ee728b)
Start importing Assets/scripts/PlayerController.cs using Guid(65a9a2a8f513aa54fb275b560fae354f) Importer(815301076,1909f56bfc062723c751e8b465ee728b)  -> (artifact id: 'ed506f7d3c5bfb73a47abb013ccf6f40') in 0.019736 seconds
  Import took 0.021703 seconds .

========================================================================
Received Prepare
Registering precompiled user dll's ...
Registered in 0.000571 seconds.
Begin MonoManager ReloadAssembly
Native extension for WindowsStandalone target not found
Refreshing native plugins compatible for Editor in 0.21 ms, found 0 plugins.
Preloading 0 native plugins for Editor in 0.00 ms.
Mono: successfully reloaded assembly
- Completed reload, in  1.237 seconds
Platform modules already initialized, skipping
Refreshing native plugins compatible for Editor in 0.23 ms, found 0 plugins.
Preloading 0 native plugins for Editor in 0.00 ms.
Unloading 1111 Unused Serialized files (Serialized files now loaded: 0)
System memory in use before: 60.4 MB.
System memory in use after: 60.5 MB.

Unloading 5 unused Assets to reduce memory usage. Loaded Objects now: 1601.
Total: 2.161200 ms (FindLiveObjects: 0.235800 ms CreateObjectMapping: 0.050500 ms MarkObjects: 1.812900 ms  DeleteObjects: 0.059900 ms)

========================================================================
Received Import Request.
  Time since last request: 642.705977 seconds.
  path: Assets/scripts/PlayerController.cs
  artifactKey: Guid(65a9a2a8f513aa54fb275b560fae354f) Importer(815301076,1909f56bfc062723c751e8b465ee728b)
Start importing Assets/scripts/PlayerController.cs using Guid(65a9a2a8f513aa54fb275b560fae354f) Importer(815301076,1909f56bfc062723c751e8b465ee728b)  -> (artifact id: 'e36a06b5bc2a65ba83f04b51dd88e937') in 0.009525 seconds
  Import took 0.011863 seconds .

========================================================================
Received Import Request.
  Time since last request: 0.000396 seconds.
  path: Assets/scripts/PlayerController.cs
  artifactKey: Guid(65a9a2a8f513aa54fb275b560fae354f) Importer(815301076,1909f56bfc062723c751e8b465ee728b)
Start importing Assets/scripts/PlayerController.cs using Guid(65a9a2a8f513aa54fb275b560fae354f) Importer(815301076,1909f56bfc062723c751e8b465ee728b)  -> (artifact id: 'e36a06b5bc2a65ba83f04b51dd88e937') in 0.002104 seconds
  Import took 0.003882 seconds .

========================================================================
Received Prepare
Registering precompiled user dll's ...
Registered in 0.000539 seconds.
Begin MonoManager ReloadAssembly
Native extension for WindowsStandalone target not found
Refreshing native plugins compatible for Editor in 0.19 ms, found 0 plugins.
Preloading 0 native plugins for Editor in 0.00 ms.
Mono: successfully reloaded assembly
- Completed reload, in  0.673 seconds
Platform modules already initialized, skipping
Refreshing native plugins compatible for Editor in 0.19 ms, found 0 plugins.
Preloading 0 native plugins for Editor in 0.00 ms.
Unloading 1111 Unused Serialized files (Serialized files now loaded: 0)
System memory in use before: 60.5 MB.
System memory in use after: 60.5 MB.

Unloading 5 unused Assets to reduce memory usage. Loaded Objects now: 1604.
Total: 1.537000 ms (FindLiveObjects: 0.206000 ms CreateObjectMapping: 0.081200 ms MarkObjects: 1.207400 ms  DeleteObjects: 0.041600 ms)

========================================================================
Received Import Request.
  Time since last request: 68.221124 seconds.
  path: Assets/scripts/PlayerController.cs
  artifactKey: Guid(65a9a2a8f513aa54fb275b560fae354f) Importer(815301076,1909f56bfc062723c751e8b465ee728b)
Start importing Assets/scripts/PlayerController.cs using Guid(65a9a2a8f513aa54fb275b560fae354f) Importer(815301076,1909f56bfc062723c751e8b465ee728b)  -> (artifact id: '5203d456e1a36b02d0fd7849b16355cc') in 0.004209 seconds
  Import took 0.006234 seconds .

========================================================================
Received Prepare
Registering precompiled user dll's ...
Registered in 0.001751 seconds.
Begin MonoManager ReloadAssembly
Native extension for WindowsStandalone target not found
Refreshing native plugins compatible for Editor in 0.19 ms, found 0 plugins.
Preloading 0 native plugins for Editor in 0.00 ms.
Mono: successfully reloaded assembly
- Completed reload, in  0.660 seconds
Platform modules already initialized, skipping
Refreshing native plugins compatible for Editor in 0.19 ms, found 0 plugins.
Preloading 0 native plugins for Editor in 0.00 ms.
Unloading 1111 Unused Serialized files (Serialized files now loaded: 0)
System memory in use before: 60.5 MB.
System memory in use after: 60.5 MB.

Unloading 5 unused Assets to reduce memory usage. Loaded Objects now: 1607.
Total: 1.382300 ms (FindLiveObjects: 0.139800 ms CreateObjectMapping: 0.030400 ms MarkObjects: 1.167600 ms  DeleteObjects: 0.043600 ms)

========================================================================
Received Prepare
Registering precompiled user dll's ...
Registered in 0.000788 seconds.
Begin MonoManager ReloadAssembly
Native extension for WindowsStandalone target not found
Refreshing native plugins compatible for Editor in 0.92 ms, found 0 plugins.
Preloading 0 native plugins for Editor in 0.00 ms.
Mono: successfully reloaded assembly
- Completed reload, in  0.965 seconds
Platform modules already initialized, skipping
Refreshing native plugins compatible for Editor in 0.19 ms, found 0 plugins.
Preloading 0 native plugins for Editor in 0.00 ms.
Unloading 1111 Unused Serialized files (Serialized files now loaded: 0)
System memory in use before: 60.5 MB.
System memory in use after: 60.6 MB.

Unloading 5 unused Assets to reduce memory usage. Loaded Objects now: 1610.
Total: 2.466700 ms (FindLiveObjects: 0.964200 ms CreateObjectMapping: 0.080000 ms MarkObjects: 1.330500 ms  DeleteObjects: 0.086200 ms)

========================================================================
Received Prepare
Registering precompiled user dll's ...
Registered in 0.000559 seconds.
Begin MonoManager ReloadAssembly
Native extension for WindowsStandalone target not found
Refreshing native plugins compatible for Editor in 0.19 ms, found 0 plugins.
Preloading 0 native plugins for Editor in 0.00 ms.
Mono: successfully reloaded assembly
- Completed reload, in  0.625 seconds
Platform modules already initialized, skipping
Refreshing native plugins compatible for Editor in 0.19 ms, found 0 plugins.
Preloading 0 native plugins for Editor in 0.00 ms.
Unloading 1111 Unused Serialized files (Serialized files now loaded: 0)
System memory in use before: 60.5 MB.
System memory in use after: 60.6 MB.

Unloading 5 unused Assets to reduce memory usage. Loaded Objects now: 1613.
Total: 1.606700 ms (FindLiveObjects: 0.136400 ms CreateObjectMapping: 0.041900 ms MarkObjects: 1.383700 ms  DeleteObjects: 0.043800 ms)

========================================================================
Received Prepare
Registering precompiled user dll's ...
Registered in 0.000580 seconds.
Begin MonoManager ReloadAssembly
Native extension for WindowsStandalone target not found
Refreshing native plugins compatible for Editor in 0.19 ms, found 0 plugins.
Preloading 0 native plugins for Editor in 0.00 ms.
Mono: successfully reloaded assembly
- Completed reload, in  0.671 seconds
Platform modules already initialized, skipping
Refreshing native plugins compatible for Editor in 0.18 ms, found 0 plugins.
Preloading 0 native plugins for Editor in 0.00 ms.
Unloading 1112 Unused Serialized files (Serialized files now loaded: 0)
System memory in use before: 60.5 MB.
System memory in use after: 60.6 MB.

Unloading 5 unused Assets to reduce memory usage. Loaded Objects now: 1617.
Total: 1.385800 ms (FindLiveObjects: 0.159400 ms CreateObjectMapping: 0.071900 ms MarkObjects: 1.109900 ms  DeleteObjects: 0.040300 ms)

========================================================================
Received Prepare
Registering precompiled user dll's ...
Registered in 0.000450 seconds.
Begin MonoManager ReloadAssembly
Native extension for WindowsStandalone target not found
Refreshing native plugins compatible for Editor in 0.24 ms, found 0 plugins.
Preloading 0 native plugins for Editor in 0.00 ms.
Mono: successfully reloaded assembly
- Completed reload, in  0.644 seconds
Platform modules already initialized, skipping
Refreshing native plugins compatible for Editor in 0.18 ms, found 0 plugins.
Preloading 0 native plugins for Editor in 0.00 ms.
Unloading 1112 Unused Serialized files (Serialized files now loaded: 0)
System memory in use before: 60.5 MB.
System memory in use after: 60.6 MB.

Unloading 5 unused Assets to reduce memory usage. Loaded Objects now: 1620.
Total: 1.605500 ms (FindLiveObjects: 0.148900 ms CreateObjectMapping: 0.064400 ms MarkObjects: 1.303900 ms  DeleteObjects: 0.087800 ms)

========================================================================
Received Import Request.
  Time since last request: 277.187411 seconds.
  path: Assets/New Folder/Scenes
  artifactKey: Guid(34b38caae4b64584594cddf089176d6c) Importer(815301076,1909f56bfc062723c751e8b465ee728b)
Start importing Assets/New Folder/Scenes using Guid(34b38caae4b64584594cddf089176d6c) Importer(815301076,1909f56bfc062723c751e8b465ee728b)  -> (artifact id: '9a88ff1ffcc6191e02f6d201fb14288a') in 0.007346 seconds
  Import took 0.010011 seconds .

========================================================================
Received Import Request.
  Time since last request: 4.232998 seconds.
  path: Assets/scripts/CamerContreller.cs
  artifactKey: Guid(a5e1d8ac9ba64934db3d3c66ca299570) Importer(815301076,1909f56bfc062723c751e8b465ee728b)
Start importing Assets/scripts/CamerContreller.cs using Guid(a5e1d8ac9ba64934db3d3c66ca299570) Importer(815301076,1909f56bfc062723c751e8b465ee728b)  -> (artifact id: '9f31ff6e0891c7d32ec1f7df5a374bd0') in 0.008613 seconds
  Import took 0.011145 seconds .

========================================================================
Received Prepare
Registering precompiled user dll's ...
Registered in 0.000530 seconds.
Begin MonoManager ReloadAssembly
Native extension for WindowsStandalone target not found
Refreshing native plugins compatible for Editor in 0.19 ms, found 0 plugins.
Preloading 0 native plugins for Editor in 0.00 ms.
Mono: successfully reloaded assembly
- Completed reload, in  0.672 seconds
Platform modules already initialized, skipping
Refreshing native plugins compatible for Editor in 0.21 ms, found 0 plugins.
Preloading 0 native plugins for Editor in 0.00 ms.
Unloading 1112 Unused Serialized files (Serialized files now loaded: 0)
System memory in use before: 60.5 MB.
System memory in use after: 60.6 MB.

Unloading 5 unused Assets to reduce memory usage. Loaded Objects now: 1623.
Total: 1.375200 ms (FindLiveObjects: 0.126500 ms CreateObjectMapping: 0.037100 ms MarkObjects: 1.169700 ms  DeleteObjects: 0.041100 ms)

========================================================================
Received Import Request.
  Time since last request: 134.264861 seconds.
  path: Assets/scripts/CamerContreller.cs
  artifactKey: Guid(a5e1d8ac9ba64934db3d3c66ca299570) Importer(815301076,1909f56bfc062723c751e8b465ee728b)
Start importing Assets/scripts/CamerContreller.cs using Guid(a5e1d8ac9ba64934db3d3c66ca299570) Importer(815301076,1909f56bfc062723c751e8b465ee728b)  -> (artifact id: 'fe765dab4a951a792042d797fac03d3a') in 0.003295 seconds
  Import took 0.005216 seconds .

========================================================================
Received Prepare
Registering precompiled user dll's ...
Registered in 0.000539 seconds.
Begin MonoManager ReloadAssembly
Native extension for WindowsStandalone target not found
Refreshing native plugins compatible for Editor in 0.18 ms, found 0 plugins.
Preloading 0 native plugins for Editor in 0.00 ms.
Mono: successfully reloaded assembly
- Completed reload, in  0.657 seconds
Platform modules already initialized, skipping
Refreshing native plugins compatible for Editor in 0.27 ms, found 0 plugins.
Preloading 0 native plugins for Editor in 0.00 ms.
Unloading 1112 Unused Serialized files (Serialized files now loaded: 0)
System memory in use before: 60.5 MB.
System memory in use after: 60.6 MB.

Unloading 5 unused Assets to reduce memory usage. Loaded Objects now: 1626.
Total: 1.455200 ms (FindLiveObjects: 0.148400 ms CreateObjectMapping: 0.034100 ms MarkObjects: 1.226300 ms  DeleteObjects: 0.045600 ms)

========================================================================
Received Prepare
Registering precompiled user dll's ...
Registered in 0.000654 seconds.
Begin MonoManager ReloadAssembly
Native extension for WindowsStandalone target not found
Refreshing native plugins compatible for Editor in 0.69 ms, found 0 plugins.
Preloading 0 native plugins for Editor in 0.00 ms.
Mono: successfully reloaded assembly
- Completed reload, in  0.834 seconds
Platform modules already initialized, skipping
Refreshing native plugins compatible for Editor in 0.24 ms, found 0 plugins.
Preloading 0 native plugins for Editor in 0.00 ms.
Unloading 1112 Unused Serialized files (Serialized files now loaded: 0)
System memory in use before: 60.5 MB.
System memory in use after: 60.6 MB.

Unloading 5 unused Assets to reduce memory usage. Loaded Objects now: 1629.
Total: 1.771100 ms (FindLiveObjects: 0.149700 ms CreateObjectMapping: 0.043400 ms MarkObjects: 1.531400 ms  DeleteObjects: 0.045500 ms)

========================================================================
Received Prepare
Registering precompiled user dll's ...
Registered in 0.000684 seconds.
Begin MonoManager ReloadAssembly
Native extension for WindowsStandalone target not found
Refreshing native plugins compatible for Editor in 0.65 ms, found 0 plugins.
Preloading 0 native plugins for Editor in 0.00 ms.
Mono: successfully reloaded assembly
- Completed reload, in  0.882 seconds
Platform modules already initialized, skipping
Refreshing native plugins compatible for Editor in 0.57 ms, found 0 plugins.
Preloading 0 native plugins for Editor in 0.00 ms.
Unloading 1112 Unused Serialized files (Serialized files now loaded: 0)
System memory in use before: 60.5 MB.
System memory in use after: 60.6 MB.

Unloading 5 unused Assets to reduce memory usage. Loaded Objects now: 1632.
Total: 4.319500 ms (FindLiveObjects: 0.636400 ms CreateObjectMapping: 0.208200 ms MarkObjects: 3.383900 ms  DeleteObjects: 0.087800 ms)

========================================================================
Received Import Request.
  Time since last request: 688.550560 seconds.
  path: Assets/scripts/Spawn.cs
  artifactKey: Guid(3372736185c411c45a739d69a355c376) Importer(815301076,1909f56bfc062723c751e8b465ee728b)
Start importing Assets/scripts/Spawn.cs using Guid(3372736185c411c45a739d69a355c376) Importer(815301076,1909f56bfc062723c751e8b465ee728b)  -> (artifact id: '0dfa42626397c1056a2b15397c91a025') in 0.009233 seconds
  Import took 0.012300 seconds .

========================================================================
Received Import Request.
  Time since last request: 0.002796 seconds.
  path: Assets/scripts/Spawn.cs
  artifactKey: Guid(3372736185c411c45a739d69a355c376) Importer(815301076,1909f56bfc062723c751e8b465ee728b)
Start importing Assets/scripts/Spawn.cs using Guid(3372736185c411c45a739d69a355c376) Importer(815301076,1909f56bfc062723c751e8b465ee728b)  -> (artifact id: '0dfa42626397c1056a2b15397c91a025') in 0.003533 seconds
  Import took 0.021882 seconds .

========================================================================
Received Prepare
Registering precompiled user dll's ...
Registered in 0.000592 seconds.
Begin MonoManager ReloadAssembly
Native extension for WindowsStandalone target not found
Refreshing native plugins compatible for Editor in 0.33 ms, found 0 plugins.
Preloading 0 native plugins for Editor in 0.00 ms.
Mono: successfully reloaded assembly
- Completed reload, in  0.746 seconds
Platform modules already initialized, skipping
Refreshing native plugins compatible for Editor in 0.19 ms, found 0 plugins.
Preloading 0 native plugins for Editor in 0.00 ms.
Unloading 1113 Unused Serialized files (Serialized files now loaded: 0)
System memory in use before: 60.6 MB.
System memory in use after: 60.6 MB.

Unloading 5 unused Assets to reduce memory usage. Loaded Objects now: 1636.
Total: 1.722800 ms (FindLiveObjects: 0.183300 ms CreateObjectMapping: 0.046900 ms MarkObjects: 1.411800 ms  DeleteObjects: 0.058800 ms)

========================================================================
Received Prepare
Registering precompiled user dll's ...
Registered in 0.000626 seconds.
Begin MonoManager ReloadAssembly
Native extension for WindowsStandalone target not found
Refreshing native plugins compatible for Editor in 0.19 ms, found 0 plugins.
Preloading 0 native plugins for Editor in 0.00 ms.
Mono: successfully reloaded assembly
- Completed reload, in  0.673 seconds
Platform modules already initialized, skipping
Refreshing native plugins compatible for Editor in 0.18 ms, found 0 plugins.
Preloading 0 native plugins for Editor in 0.00 ms.
Unloading 1113 Unused Serialized files (Serialized files now loaded: 0)
System memory in use before: 60.6 MB.
System memory in use after: 60.6 MB.

Unloading 5 unused Assets to reduce memory usage. Loaded Objects now: 1639.
Total: 1.425900 ms (FindLiveObjects: 0.245700 ms CreateObjectMapping: 0.031400 ms MarkObjects: 1.104800 ms  DeleteObjects: 0.042900 ms)

========================================================================
Received Import Request.
  Time since last request: 106.128928 seconds.
  path: Assets/scripts/Spawn.cs
  artifactKey: Guid(3372736185c411c45a739d69a355c376) Importer(815301076,1909f56bfc062723c751e8b465ee728b)
Start importing Assets/scripts/Spawn.cs using Guid(3372736185c411c45a739d69a355c376) Importer(815301076,1909f56bfc062723c751e8b465ee728b)  -> (artifact id: '33ad05f71a9ead50e457a80c14da1cc9') in 0.003720 seconds
  Import took 0.005397 seconds .

========================================================================
Received Prepare
Registering precompiled user dll's ...
Registered in 0.000776 seconds.
Begin MonoManager ReloadAssembly
Native extension for WindowsStandalone target not found
Refreshing native plugins compatible for Editor in 0.19 ms, found 0 plugins.
Preloading 0 native plugins for Editor in 0.00 ms.
Mono: successfully reloaded assembly
- Completed reload, in  0.630 seconds
Platform modules already initialized, skipping
Refreshing native plugins compatible for Editor in 0.19 ms, found 0 plugins.
Preloading 0 native plugins for Editor in 0.00 ms.
Unloading 1113 Unused Serialized files (Serialized files now loaded: 0)
System memory in use before: 60.6 MB.
System memory in use after: 60.7 MB.

Unloading 5 unused Assets to reduce memory usage. Loaded Objects now: 1642.
Total: 1.472800 ms (FindLiveObjects: 0.161000 ms CreateObjectMapping: 0.049200 ms MarkObjects: 1.220200 ms  DeleteObjects: 0.041700 ms)

========================================================================
Received Import Request.
  Time since last request: 88.371552 seconds.
  path: Assets/scripts/Turn.cs
  artifactKey: Guid(3372736185c411c45a739d69a355c376) Importer(815301076,1909f56bfc062723c751e8b465ee728b)
Start importing Assets/scripts/Turn.cs using Guid(3372736185c411c45a739d69a355c376) Importer(815301076,1909f56bfc062723c751e8b465ee728b)  -> (artifact id: '86b48f6a9e2d14a5280c243943ccab08') in 0.010859 seconds
  Import took 0.013214 seconds .

========================================================================
Received Import Request.
  Time since last request: 0.001743 seconds.
  path: Assets/scripts/Turn.cs
  artifactKey: Guid(3372736185c411c45a739d69a355c376) Importer(815301076,1909f56bfc062723c751e8b465ee728b)
Start importing Assets/scripts/Turn.cs using Guid(3372736185c411c45a739d69a355c376) Importer(815301076,1909f56bfc062723c751e8b465ee728b)  -> (artifact id: '86b48f6a9e2d14a5280c243943ccab08') in 0.003099 seconds
  Import took 0.005274 seconds .

========================================================================
Received Prepare
Registering precompiled user dll's ...
Registered in 0.000578 seconds.
Begin MonoManager ReloadAssembly
Native extension for WindowsStandalone target not found
Refreshing native plugins compatible for Editor in 0.19 ms, found 0 plugins.
Preloading 0 native plugins for Editor in 0.00 ms.
Mono: successfully reloaded assembly
- Completed reload, in  0.666 seconds
Platform modules already initialized, skipping
Refreshing native plugins compatible for Editor in 0.19 ms, found 0 plugins.
Preloading 0 native plugins for Editor in 0.00 ms.
Unloading 1113 Unused Serialized files (Serialized files now loaded: 0)
System memory in use before: 60.6 MB.
System memory in use after: 60.7 MB.

Unloading 5 unused Assets to reduce memory usage. Loaded Objects now: 1645.
Total: 1.386800 ms (FindLiveObjects: 0.143300 ms CreateObjectMapping: 0.040400 ms MarkObjects: 1.161300 ms  DeleteObjects: 0.041100 ms)

========================================================================
Received Prepare
Registering precompiled user dll's ...
Registered in 0.000694 seconds.
Begin MonoManager ReloadAssembly
Native extension for WindowsStandalone target not found
Refreshing native plugins compatible for Editor in 0.19 ms, found 0 plugins.
Preloading 0 native plugins for Editor in 0.00 ms.
Mono: successfully reloaded assembly
- Completed reload, in  0.679 seconds
Platform modules already initialized, skipping
Refreshing native plugins compatible for Editor in 0.19 ms, found 0 plugins.
Preloading 0 native plugins for Editor in 0.00 ms.
Unloading 1113 Unused Serialized files (Serialized files now loaded: 0)
System memory in use before: 60.6 MB.
System memory in use after: 60.7 MB.

Unloading 5 unused Assets to reduce memory usage. Loaded Objects now: 1648.
Total: 1.423900 ms (FindLiveObjects: 0.146700 ms CreateObjectMapping: 0.038500 ms MarkObjects: 1.190800 ms  DeleteObjects: 0.047200 ms)

========================================================================
Received Prepare
Registering precompiled user dll's ...
Registered in 0.000651 seconds.
Begin MonoManager ReloadAssembly
Native extension for WindowsStandalone target not found
Refreshing native plugins compatible for Editor in 0.19 ms, found 0 plugins.
Preloading 0 native plugins for Editor in 0.00 ms.
Mono: successfully reloaded assembly
- Completed reload, in  0.688 seconds
Platform modules already initialized, skipping
Refreshing native plugins compatible for Editor in 0.18 ms, found 0 plugins.
Preloading 0 native plugins for Editor in 0.00 ms.
Unloading 1113 Unused Serialized files (Serialized files now loaded: 0)
System memory in use before: 60.6 MB.
System memory in use after: 60.7 MB.

Unloading 5 unused Assets to reduce memory usage. Loaded Objects now: 1651.
Total: 1.556100 ms (FindLiveObjects: 0.139800 ms CreateObjectMapping: 0.036500 ms MarkObjects: 1.335100 ms  DeleteObjects: 0.043800 ms)

========================================================================
Received Import Request.
  Time since last request: 23.679175 seconds.
  path: Assets/scripts/Turn.cs
  artifactKey: Guid(3372736185c411c45a739d69a355c376) Importer(815301076,1909f56bfc062723c751e8b465ee728b)
Start importing Assets/scripts/Turn.cs using Guid(3372736185c411c45a739d69a355c376) Importer(815301076,1909f56bfc062723c751e8b465ee728b)  -> (artifact id: '67e01efa9a5a885d0f49feefdc4d1085') in 0.003875 seconds
  Import took 0.006184 seconds .

========================================================================
Received Import Request.
  Time since last request: 1.413568 seconds.
  path: Assets/scripts/Turn.cs
  artifactKey: Guid(3372736185c411c45a739d69a355c376) Importer(815301076,1909f56bfc062723c751e8b465ee728b)
Start importing Assets/scripts/Turn.cs using Guid(3372736185c411c45a739d69a355c376) Importer(815301076,1909f56bfc062723c751e8b465ee728b)  -> (artifact id: '67e01efa9a5a885d0f49feefdc4d1085') in 0.001755 seconds
  Import took 0.003680 seconds .

========================================================================
Received Prepare
Registering precompiled user dll's ...
Registered in 0.000784 seconds.
Begin MonoManager ReloadAssembly
Native extension for WindowsStandalone target not found
Refreshing native plugins compatible for Editor in 0.20 ms, found 0 plugins.
Preloading 0 native plugins for Editor in 0.00 ms.
Mono: successfully reloaded assembly
- Completed reload, in  0.637 seconds
Platform modules already initialized, skipping
Refreshing native plugins compatible for Editor in 0.23 ms, found 0 plugins.
Preloading 0 native plugins for Editor in 0.00 ms.
Unloading 1113 Unused Serialized files (Serialized files now loaded: 0)
System memory in use before: 60.6 MB.
System memory in use after: 60.7 MB.

Unloading 5 unused Assets to reduce memory usage. Loaded Objects now: 1654.
Total: 3.231900 ms (FindLiveObjects: 0.170500 ms CreateObjectMapping: 0.044000 ms MarkObjects: 2.856800 ms  DeleteObjects: 0.157900 ms)

========================================================================
Received Import Request.
  Time since last request: 76.902473 seconds.
  path: Assets/Prefabs
  artifactKey: Guid(93e16a7cf19934645ac767d61cb7a7a7) Importer(815301076,1909f56bfc062723c751e8b465ee728b)
Start importing Assets/Prefabs using Guid(93e16a7cf19934645ac767d61cb7a7a7) Importer(815301076,1909f56bfc062723c751e8b465ee728b)  -> (artifact id: 'afe0df84f97ca53c702f0e916c599349') in 0.008899 seconds
  Import took 0.011059 seconds .

========================================================================
Received Import Request.
  Time since last request: 3.251892 seconds.
  path: Assets/Prefabs/Point.prefab
  artifactKey: Guid(b70b048c1d47a424f9e104f36662c116) Importer(815301076,1909f56bfc062723c751e8b465ee728b)
Start importing Assets/Prefabs/Point.prefab using Guid(b70b048c1d47a424f9e104f36662c116) Importer(815301076,1909f56bfc062723c751e8b465ee728b)  -> (artifact id: 'f4bc968ada75983902da4e347e6bcc14') in 0.059204 seconds
  Import took 0.061500 seconds .

========================================================================
Received Import Request.
  Time since last request: 0.028457 seconds.
  path: Assets/Prefabs/Point.prefab
  artifactKey: Guid(b70b048c1d47a424f9e104f36662c116) Importer(815301076,1909f56bfc062723c751e8b465ee728b)
Start importing Assets/Prefabs/Point.prefab using Guid(b70b048c1d47a424f9e104f36662c116) Importer(815301076,1909f56bfc062723c751e8b465ee728b)  -> (artifact id: 'f4bc968ada75983902da4e347e6bcc14') in 0.007482 seconds
  Import took 0.009234 seconds .

========================================================================
Received Prepare
Registering precompiled user dll's ...
Registered in 0.000678 seconds.
Begin MonoManager ReloadAssembly
Native extension for WindowsStandalone target not found
Refreshing native plugins compatible for Editor in 0.19 ms, found 0 plugins.
Preloading 0 native plugins for Editor in 0.00 ms.
Mono: successfully reloaded assembly
- Completed reload, in  0.647 seconds
Platform modules already initialized, skipping
Refreshing native plugins compatible for Editor in 0.19 ms, found 0 plugins.
Preloading 0 native plugins for Editor in 0.00 ms.
Unloading 1113 Unused Serialized files (Serialized files now loaded: 0)
System memory in use before: 60.7 MB.
System memory in use after: 60.7 MB.

Unloading 6 unused Assets to reduce memory usage. Loaded Objects now: 1659.
Total: 1.513300 ms (FindLiveObjects: 0.288200 ms CreateObjectMapping: 0.037200 ms MarkObjects: 1.139600 ms  DeleteObjects: 0.047600 ms)

========================================================================
Received Import Request.
  Time since last request: 236.992877 seconds.
  path: Assets/Prefabs/New Physic Material.physicMaterial
  artifactKey: Guid(55aa125d941b67743be794e20b4212d4) Importer(815301076,1909f56bfc062723c751e8b465ee728b)
Start importing Assets/Prefabs/New Physic Material.physicMaterial using Guid(55aa125d941b67743be794e20b4212d4) Importer(815301076,1909f56bfc062723c751e8b465ee728b)  -> (artifact id: '14ff17e7b46810b9a8029e05fe039f8d') in 0.015247 seconds
  Import took 0.017646 seconds .

========================================================================
Received Import Request.
  Time since last request: 11.304828 seconds.
  path: Assets/Prefabs/Color.mat
  artifactKey: Guid(6b0c5cc893e218a4e8b7272e4375c4cc) Importer(815301076,1909f56bfc062723c751e8b465ee728b)
Start importing Assets/Prefabs/Color.mat using Guid(6b0c5cc893e218a4e8b7272e4375c4cc) Importer(815301076,1909f56bfc062723c751e8b465ee728b)  -> (artifact id: '48193ddcabf081f9e9ca01c1a9ce2807') in 0.054115 seconds
  Import took 0.056779 seconds .

========================================================================
Received Prepare
Registering precompiled user dll's ...
Registered in 0.000546 seconds.
Begin MonoManager ReloadAssembly
Native extension for WindowsStandalone target not found
Refreshing native plugins compatible for Editor in 0.18 ms, found 0 plugins.
Preloading 0 native plugins for Editor in 0.00 ms.
Mono: successfully reloaded assembly
- Completed reload, in  0.651 seconds
Platform modules already initialized, skipping
Refreshing native plugins compatible for Editor in 0.19 ms, found 0 plugins.
Preloading 0 native plugins for Editor in 0.00 ms.
Unloading 1113 Unused Serialized files (Serialized files now loaded: 0)
System memory in use before: 60.7 MB.
System memory in use after: 60.7 MB.

Unloading 5 unused Assets to reduce memory usage. Loaded Objects now: 1663.
Total: 1.379700 ms (FindLiveObjects: 0.155100 ms CreateObjectMapping: 0.036900 ms MarkObjects: 1.140100 ms  DeleteObjects: 0.046700 ms)

========================================================================
Received Import Request.
  Time since last request: 311.384444 seconds.
  path: Assets/Prefabs/Point.prefab
  artifactKey: Guid(b70b048c1d47a424f9e104f36662c116) Importer(815301076,1909f56bfc062723c751e8b465ee728b)
Start importing Assets/Prefabs/Point.prefab using Guid(b70b048c1d47a424f9e104f36662c116) Importer(815301076,1909f56bfc062723c751e8b465ee728b)  -> (artifact id: 'a3bb466d4e42d2b70f6e6cb9c43c69c8') in 0.051906 seconds
  Import took 0.053803 seconds .

========================================================================
Received Import Request.
  Time since last request: 32.610264 seconds.
  path: ProjectSettings/TagManager.asset
  artifactKey: Guid(00000000000000003000000000000000) Importer(815301076,1909f56bfc062723c751e8b465ee728b)
Start importing ProjectSettings/TagManager.asset using Guid(00000000000000003000000000000000) Importer(815301076,1909f56bfc062723c751e8b465ee728b)  -> (artifact id: '0cf9088148c8a3cbd29f9a356fcbb966') in 0.008083 seconds
  Import took 0.010477 seconds .

========================================================================
Received Import Request.
  Time since last request: 0.008440 seconds.
  path: ProjectSettings/TagManager.asset
  artifactKey: Guid(00000000000000003000000000000000) Importer(815301076,1909f56bfc062723c751e8b465ee728b)
Start importing ProjectSettings/TagManager.asset using Guid(00000000000000003000000000000000) Importer(815301076,1909f56bfc062723c751e8b465ee728b)  -> (artifact id: '0cf9088148c8a3cbd29f9a356fcbb966') in 0.003095 seconds
  Import took 0.005666 seconds .

========================================================================
Received Prepare
Registering precompiled user dll's ...
Registered in 0.000505 seconds.
Begin MonoManager ReloadAssembly
Native extension for WindowsStandalone target not found
Refreshing native plugins compatible for Editor in 0.18 ms, found 0 plugins.
Preloading 0 native plugins for Editor in 0.00 ms.
Mono: successfully reloaded assembly
- Completed reload, in  0.677 seconds
Platform modules already initialized, skipping
Refreshing native plugins compatible for Editor in 0.19 ms, found 0 plugins.
Preloading 0 native plugins for Editor in 0.00 ms.
Unloading 1113 Unused Serialized files (Serialized files now loaded: 0)
System memory in use before: 60.7 MB.
System memory in use after: 60.8 MB.

Unloading 7 unused Assets to reduce memory usage. Loaded Objects now: 1667.
Total: 1.334400 ms (FindLiveObjects: 0.199300 ms CreateObjectMapping: 0.034300 ms MarkObjects: 1.057800 ms  DeleteObjects: 0.042000 ms)

========================================================================
Received Import Request.
  Time since last request: 49.399964 seconds.
  path: Assets/Prefabs/Point.prefab
  artifactKey: Guid(b70b048c1d47a424f9e104f36662c116) Importer(815301076,1909f56bfc062723c751e8b465ee728b)
Start importing Assets/Prefabs/Point.prefab using Guid(b70b048c1d47a424f9e104f36662c116) Importer(815301076,1909f56bfc062723c751e8b465ee728b)  -> (artifact id: '0a3b17493ee0ef42e73d77c529864762') in 0.048856 seconds
  Import took 0.050637 seconds .

========================================================================
Received Import Request.
  Time since last request: 151.842900 seconds.
  path: Assets/Prefabs/Point.prefab
  artifactKey: Guid(b70b048c1d47a424f9e104f36662c116) Importer(815301076,1909f56bfc062723c751e8b465ee728b)
Start importing Assets/Prefabs/Point.prefab using Guid(b70b048c1d47a424f9e104f36662c116) Importer(815301076,1909f56bfc062723c751e8b465ee728b)  -> (artifact id: '72c98ff471cf3af39fbe80a38a14aabb') in 0.009583 seconds
  Import took 0.012140 seconds .

========================================================================
Received Prepare
Registering precompiled user dll's ...
Registered in 0.000881 seconds.
Begin MonoManager ReloadAssembly
Native extension for WindowsStandalone target not found
Refreshing native plugins compatible for Editor in 0.19 ms, found 0 plugins.
Preloading 0 native plugins for Editor in 0.00 ms.
Mono: successfully reloaded assembly
- Completed reload, in  0.663 seconds
Platform modules already initialized, skipping
Refreshing native plugins compatible for Editor in 0.18 ms, found 0 plugins.
Preloading 0 native plugins for Editor in 0.00 ms.
Unloading 1113 Unused Serialized files (Serialized files now loaded: 0)
System memory in use before: 60.7 MB.
System memory in use after: 60.8 MB.

Unloading 5 unused Assets to reduce memory usage. Loaded Objects now: 1671.
Total: 1.409400 ms (FindLiveObjects: 0.156400 ms CreateObjectMapping: 0.030000 ms MarkObjects: 1.182900 ms  DeleteObjects: 0.039300 ms)

========================================================================
Received Import Request.
  Time since last request: 121.267301 seconds.
  path: Assets/Prefabs/Point.prefab
  artifactKey: Guid(b70b048c1d47a424f9e104f36662c116) Importer(815301076,1909f56bfc062723c751e8b465ee728b)
Start importing Assets/Prefabs/Point.prefab using Guid(b70b048c1d47a424f9e104f36662c116) Importer(815301076,1909f56bfc062723c751e8b465ee728b)  -> (artifact id: '36e321707dbcb232cbf27b20e34a6520') in 0.050828 seconds
  Import took 0.053239 seconds .

========================================================================
Received Import Request.
  Time since last request: 4.541979 seconds.
  path: Assets/Prefabs/Point.prefab
  artifactKey: Guid(b70b048c1d47a424f9e104f36662c116) Importer(815301076,1909f56bfc062723c751e8b465ee728b)
Start importing Assets/Prefabs/Point.prefab using Guid(b70b048c1d47a424f9e104f36662c116) Importer(815301076,1909f56bfc062723c751e8b465ee728b)  -> (artifact id: '110c1048582a1805bfd2f7d891c43ea9') in 0.010924 seconds
  Import took 0.013055 seconds .

========================================================================
Received Prepare
Registering precompiled user dll's ...
Registered in 0.001195 seconds.
Begin MonoManager ReloadAssembly
Native extension for WindowsStandalone target not found
Refreshing native plugins compatible for Editor in 1.28 ms, found 0 plugins.
Preloading 0 native plugins for Editor in 0.00 ms.
Mono: successfully reloaded assembly
- Completed reload, in  0.974 seconds
Platform modules already initialized, skipping
Refreshing native plugins compatible for Editor in 0.19 ms, found 0 plugins.
Preloading 0 native plugins for Editor in 0.00 ms.
Unloading 1113 Unused Serialized files (Serialized files now loaded: 0)
System memory in use before: 60.7 MB.
System memory in use after: 60.8 MB.

Unloading 5 unused Assets to reduce memory usage. Loaded Objects now: 1675.
Total: 1.364600 ms (FindLiveObjects: 0.148600 ms CreateObjectMapping: 0.031700 ms MarkObjects: 1.140400 ms  DeleteObjects: 0.042800 ms)

========================================================================
Received Import Request.
  Time since last request: 56.661482 seconds.
  path: Assets/scripts/CamerContreller.cs
  artifactKey: Guid(a5e1d8ac9ba64934db3d3c66ca299570) Importer(815301076,1909f56bfc062723c751e8b465ee728b)
Start importing Assets/scripts/CamerContreller.cs using Guid(a5e1d8ac9ba64934db3d3c66ca299570) Importer(815301076,1909f56bfc062723c751e8b465ee728b)  -> (artifact id: 'af88bb132bd173497c42aa8c790c852d') in 0.003905 seconds
  Import took 0.007109 seconds .

========================================================================
Received Import Request.
  Time since last request: 0.001574 seconds.
  path: Assets/scripts/CamerContreller.cs
  artifactKey: Guid(a5e1d8ac9ba64934db3d3c66ca299570) Importer(815301076,1909f56bfc062723c751e8b465ee728b)
Start importing Assets/scripts/CamerContreller.cs using Guid(a5e1d8ac9ba64934db3d3c66ca299570) Importer(815301076,1909f56bfc062723c751e8b465ee728b)  -> (artifact id: 'af88bb132bd173497c42aa8c790c852d') in 0.001853 seconds
  Import took 0.003776 seconds .

========================================================================
Received Import Request.
  Time since last request: 4.820047 seconds.
  path: Assets/scripts/PlayerController.cs
  artifactKey: Guid(65a9a2a8f513aa54fb275b560fae354f) Importer(815301076,1909f56bfc062723c751e8b465ee728b)
Start importing Assets/scripts/PlayerController.cs using Guid(65a9a2a8f513aa54fb275b560fae354f) Importer(815301076,1909f56bfc062723c751e8b465ee728b)  -> (artifact id: '9a13a4b1c812f7928e231a0970ccd13a') in 0.002564 seconds
  Import took 0.004932 seconds .

========================================================================
Received Prepare
Registering precompiled user dll's ...
Registered in 0.000949 seconds.
Begin MonoManager ReloadAssembly
Native extension for WindowsStandalone target not found
Refreshing native plugins compatible for Editor in 0.20 ms, found 0 plugins.
Preloading 0 native plugins for Editor in 0.00 ms.
Mono: successfully reloaded assembly
- Completed reload, in  0.669 seconds
Platform modules already initialized, skipping
Refreshing native plugins compatible for Editor in 0.21 ms, found 0 plugins.
Preloading 0 native plugins for Editor in 0.00 ms.
Unloading 1113 Unused Serialized files (Serialized files now loaded: 0)
System memory in use before: 60.7 MB.
System memory in use after: 60.8 MB.

Unloading 5 unused Assets to reduce memory usage. Loaded Objects now: 1678.
Total: 1.633000 ms (FindLiveObjects: 0.135400 ms CreateObjectMapping: 0.036100 ms MarkObjects: 1.422100 ms  DeleteObjects: 0.038600 ms)

========================================================================
Received Import Request.
  Time since last request: 72.873122 seconds.
  path: Assets/scripts/PlayerController.cs
  artifactKey: Guid(65a9a2a8f513aa54fb275b560fae354f) Importer(815301076,1909f56bfc062723c751e8b465ee728b)
Start importing Assets/scripts/PlayerController.cs using Guid(65a9a2a8f513aa54fb275b560fae354f) Importer(815301076,1909f56bfc062723c751e8b465ee728b)  -> (artifact id: 'ad467bb41da4d6f09d4b087ccb8dd7c9') in 0.003161 seconds
  Import took 0.004838 seconds .

========================================================================
Received Prepare
Registering precompiled user dll's ...
Registered in 0.000587 seconds.
Begin MonoManager ReloadAssembly
Native extension for WindowsStandalone target not found
Refreshing native plugins compatible for Editor in 0.19 ms, found 0 plugins.
Preloading 0 native plugins for Editor in 0.00 ms.
Mono: successfully reloaded assembly
- Completed reload, in  0.678 seconds
Platform modules already initialized, skipping
Refreshing native plugins compatible for Editor in 0.19 ms, found 0 plugins.
Preloading 0 native plugins for Editor in 0.00 ms.
Unloading 1113 Unused Serialized files (Serialized files now loaded: 0)
System memory in use before: 60.7 MB.
System memory in use after: 60.8 MB.

Unloading 5 unused Assets to reduce memory usage. Loaded Objects now: 1681.
Total: 1.795700 ms (FindLiveObjects: 0.213200 ms CreateObjectMapping: 0.040800 ms MarkObjects: 1.497500 ms  DeleteObjects: 0.043200 ms)

========================================================================
Received Prepare
Registering precompiled user dll's ...
Registered in 0.000608 seconds.
Begin MonoManager ReloadAssembly
Native extension for WindowsStandalone target not found
Refreshing native plugins compatible for Editor in 0.18 ms, found 0 plugins.
Preloading 0 native plugins for Editor in 0.00 ms.
Mono: successfully reloaded assembly
- Completed reload, in  0.685 seconds
Platform modules already initialized, skipping
Refreshing native plugins compatible for Editor in 0.20 ms, found 0 plugins.
Preloading 0 native plugins for Editor in 0.00 ms.
Unloading 1113 Unused Serialized files (Serialized files now loaded: 0)
System memory in use before: 60.7 MB.
System memory in use after: 60.8 MB.

Unloading 5 unused Assets to reduce memory usage. Loaded Objects now: 1684.
Total: 1.894100 ms (FindLiveObjects: 0.192700 ms CreateObjectMapping: 0.045900 ms MarkObjects: 1.603600 ms  DeleteObjects: 0.050000 ms)

========================================================================
Received Prepare
Registering precompiled user dll's ...
Registered in 0.001222 seconds.
Begin MonoManager ReloadAssembly
Native extension for WindowsStandalone target not found
Refreshing native plugins compatible for Editor in 0.61 ms, found 0 plugins.
Preloading 0 native plugins for Editor in 0.00 ms.
Mono: successfully reloaded assembly
- Completed reload, in  0.916 seconds
Platform modules already initialized, skipping
Refreshing native plugins compatible for Editor in 0.21 ms, found 0 plugins.
Preloading 0 native plugins for Editor in 0.00 ms.
Unloading 1113 Unused Serialized files (Serialized files now loaded: 0)
System memory in use before: 60.7 MB.
System memory in use after: 60.8 MB.

Unloading 5 unused Assets to reduce memory usage. Loaded Objects now: 1687.
Total: 2.893700 ms (FindLiveObjects: 0.326700 ms CreateObjectMapping: 0.137000 ms MarkObjects: 2.377300 ms  DeleteObjects: 0.051100 ms)

========================================================================
Received Prepare
Registering precompiled user dll's ...
Registered in 0.001283 seconds.
Begin MonoManager ReloadAssembly
Native extension for WindowsStandalone target not found
Refreshing native plugins compatible for Editor in 0.19 ms, found 0 plugins.
Preloading 0 native plugins for Editor in 0.00 ms.
Mono: successfully reloaded assembly
- Completed reload, in  0.682 seconds
Platform modules already initialized, skipping
Refreshing native plugins compatible for Editor in 0.20 ms, found 0 plugins.
Preloading 0 native plugins for Editor in 0.00 ms.
Unloading 1113 Unused Serialized files (Serialized files now loaded: 0)
System memory in use before: 60.8 MB.
System memory in use after: 60.8 MB.

Unloading 5 unused Assets to reduce memory usage. Loaded Objects now: 1690.
Total: 1.437700 ms (FindLiveObjects: 0.131700 ms CreateObjectMapping: 0.033500 ms MarkObjects: 1.231200 ms  DeleteObjects: 0.040300 ms)

========================================================================
Received Prepare
Registering precompiled user dll's ...
Registered in 0.000564 seconds.
Begin MonoManager ReloadAssembly
Native extension for WindowsStandalone target not found
Refreshing native plugins compatible for Editor in 0.24 ms, found 0 plugins.
Preloading 0 native plugins for Editor in 0.00 ms.
Mono: successfully reloaded assembly
- Completed reload, in  0.833 seconds
Platform modules already initialized, skipping
Refreshing native plugins compatible for Editor in 0.60 ms, found 0 plugins.
Preloading 0 native plugins for Editor in 0.00 ms.
Unloading 1113 Unused Serialized files (Serialized files now loaded: 0)
System memory in use before: 60.8 MB.
System memory in use after: 60.8 MB.

Unloading 5 unused Assets to reduce memory usage. Loaded Objects now: 1693.
Total: 2.569600 ms (FindLiveObjects: 0.340900 ms CreateObjectMapping: 0.165300 ms MarkObjects: 2.008000 ms  DeleteObjects: 0.051200 ms)

========================================================================
Received Prepare
Registering precompiled user dll's ...
Registered in 0.000540 seconds.
Begin MonoManager ReloadAssembly
Native extension for WindowsStandalone target not found
Refreshing native plugins compatible for Editor in 0.18 ms, found 0 plugins.
Preloading 0 native plugins for Editor in 0.00 ms.
Mono: successfully reloaded assembly
- Completed reload, in  0.668 seconds
Platform modules already initialized, skipping
Refreshing native plugins compatible for Editor in 0.19 ms, found 0 plugins.
Preloading 0 native plugins for Editor in 0.00 ms.
Unloading 1113 Unused Serialized files (Serialized files now loaded: 0)
System memory in use before: 60.8 MB.
System memory in use after: 60.8 MB.

Unloading 5 unused Assets to reduce memory usage. Loaded Objects now: 1696.
Total: 1.549900 ms (FindLiveObjects: 0.323000 ms CreateObjectMapping: 0.046100 ms MarkObjects: 1.138700 ms  DeleteObjects: 0.041400 ms)

AssetImportWorkerClient::OnTransportError - code=2 error=End of file
